<?xml version="1.0" encoding="UTF-8"?>
<testng-results ignored="0" total="1" passed="1" failed="0" skipped="0">
  <reporter-output>
  </reporter-output>
  <suite started-at="2025-07-03T14:01:11 GMT+03:00" name="Default suite" finished-at="2025-07-03T14:01:20 GMT+03:00" duration-ms="8980">
    <groups>
    </groups>
    <test started-at="2025-07-03T14:01:11 GMT+03:00" name="Default test" finished-at="2025-07-03T14:01:20 GMT+03:00" duration-ms="8980">
      <class name="Login.task1">
        <test-method is-config="true" signature="setup()[pri:0, instance:Login.task1@a22cb6a]" started-at="2025-07-03T14:01:11 GMT+03:00" name="setup" finished-at="2025-07-03T14:01:16 GMT+03:00" duration-ms="5019" status="PASS">
          <reporter-output>
          </reporter-output>
        </test-method> <!-- setup -->
        <test-method signature="signup()[pri:0, instance:Login.task1@a22cb6a]" started-at="2025-07-03T14:01:16 GMT+03:00" name="signup" finished-at="2025-07-03T14:01:20 GMT+03:00" duration-ms="3918" status="PASS">
          <reporter-output>
          </reporter-output>
        </test-method> <!-- signup -->
        <test-method is-config="true" signature="closinTheBrowser()[pri:0, instance:Login.task1@a22cb6a]" started-at="2025-07-03T14:01:20 GMT+03:00" name="closinTheBrowser" finished-at="2025-07-03T14:01:20 GMT+03:00" duration-ms="0" status="PASS">
          <reporter-output>
          </reporter-output>
        </test-method> <!-- closinTheBrowser -->
      </class> <!-- Login.task1 -->
    </test> <!-- Default test -->
  </suite> <!-- Default suite -->
</testng-results>
